D:\DOCUMENTS\Ассемблер\ЛР11\LAB_11\LAB_11\DEBUG\LAB_11.PCH
D:\DOCUMENTS\Ассемблер\ЛР11\LAB_11\LAB_11\DEBUG\STDAFX.OBJ
D:\DOCUMENTS\АССЕМБЛЕР\ЛР11\LAB_11\LAB_11\DEBUG\VC110.PDB
D:\DOCUMENTS\Ассемблер\ЛР11\LAB_11\LAB_11\DEBUG\LAB_11.OBJ
D:\DOCUMENTS\Ассемблер\ЛР11\LAB_11\DEBUG\LAB_11.ILK
D:\DOCUMENTS\Ассемблер\ЛР11\LAB_11\DEBUG\LAB_11.EXE
D:\DOCUMENTS\АССЕМБЛЕР\ЛР11\LAB_11\DEBUG\LAB_11.PDB
D:\Documents\Ассемблер\ЛР11\lab_11\lab_11\Debug\lab_11.obj
D:\Documents\Ассемблер\ЛР11\lab_11\lab_11\Debug\stdafx.obj
D:\Documents\Ассемблер\ЛР11\lab_11\lab_11\Debug\cl.command.1.tlog
D:\Documents\Ассемблер\ЛР11\lab_11\lab_11\Debug\CL.read.1.tlog
D:\Documents\Ассемблер\ЛР11\lab_11\lab_11\Debug\CL.write.1.tlog
D:\Documents\Ассемблер\ЛР11\lab_11\lab_11\Debug\link-cvtres.read.1.tlog
D:\Documents\Ассемблер\ЛР11\lab_11\lab_11\Debug\link-cvtres.write.1.tlog
D:\Documents\Ассемблер\ЛР11\lab_11\lab_11\Debug\link-rc.read.1.tlog
D:\Documents\Ассемблер\ЛР11\lab_11\lab_11\Debug\link-rc.write.1.tlog
D:\Documents\Ассемблер\ЛР11\lab_11\lab_11\Debug\link.command.1.tlog
D:\Documents\Ассемблер\ЛР11\lab_11\lab_11\Debug\link.read.1.tlog
D:\Documents\Ассемблер\ЛР11\lab_11\lab_11\Debug\link.write.1.tlog
D:\Documents\Ассемблер\ЛР11\lab_11\lab_11\Debug\lab_11.pch
D:\Documents\Ассемблер\ЛР11\lab_11\lab_11\Debug\vc110.idb
D:\Documents\Ассемблер\ЛР11\lab_11\lab_11\Debug\vc110.pdb
D:\Documents\Ассемблер\ЛР11\lab_11\Debug\lab_11.pdb
D:\Documents\Ассемблер\ЛР11\lab_11\Debug\lab_11.exe
D:\Documents\Ассемблер\ЛР11\lab_11\Debug\lab_11.ilk
