Turbo Assembler	 Version 5.3	    04-25-18 12:12:48	    Page 1
count.asm



      1					 .386
      2	00000000			 .model	flat, pascal
      3
      4					 public	count
      5
      6	00000000			 .code
      7	00000000			 count:
      8	00000000  55				 push ebp
      9	00000001  8B EC				 mov  ebp, esp
     10	00000003  83 C5	08			 add  ebp, 8
     11
     12	00000006  33 C0				 xor  eax, eax
     13	00000008  8B 5D	04			 mov  ebx, [ebp	+ 4] ; x
     14	0000000B  8B 4D	00			 mov  ecx, [ebp]	 ; l
     15	0000000E  33 D2				 xor  edx, edx
     16
     17	00000010				 circ:
     18	00000010  0F A3	13				 bt   [ebx], edx
     19	00000013  73 05	90 90 90 90			 jnc  zero
     20	00000019  40					 inc  eax
     21	0000001A				 zero:
     22	0000001A  42					 inc  edx
     23
     24	0000001B  E2 F3					 loop circ
     25
     26	0000001D  5D				 pop  ebp
     27
     28	0000001E  C2 0008			 ret  8
     29					 end
Turbo Assembler	 Version 5.3	    04-25-18 12:12:48	    Page 2
Symbol Table




Symbol Name			  Type	 Value

??DATE				  Text	 "04-25-18"
??FILENAME			  Text	 "count	  "
??TIME				  Text	 "12:12:48"
??VERSION			  Number 0503
@32BIT				  Text	 1
@CODE				  Text	 FLAT
@CODESIZE			  Text	 0
@CPU				  Text	 0F0FH
@CURSEG				  Text	 _TEXT
@DATA				  Text	 FLAT
@DATASIZE			  Text	 0
@FILENAME			  Text	 COUNT
@INTERFACE			  Text	 004H
@MODEL				  Text	 1
@STACK				  Text	 FLAT
@WORDSIZE			  Text	 4
CIRC				  Near32 FLAT:0010
COUNT				  Near32 FLAT:0000
ZERO				  Near32 FLAT:001A

Groups & Segments		  Bit Size Align  Combine Class

DGROUP				  Group
  _DATA				  32  0000 Dword  Public  DATA
FLAT				  Group
_TEXT				  32  0021 Dword  Public  CODE
