Turbo Assembler	 Version 5.3	    04-25-18 12:12:48	    Page 1
setcler.asm



      1					 .386
      2	00000000			 .model	flat, pascal
      3
      4					 public	setcler
      5
      6	00000000			 .code
      7	00000000			 setcler:
      8	00000000  55				 push ebp
      9	00000001  8B EC				 mov  ebp, esp
     10	00000003  83 C5	08			 add  ebp, 8
     11
     12	00000006  8B 5D	08			 mov  ebx, [ebp	+ 8] ; x
     13	00000009  8B 45	04			 mov  eax, [ebp	+ 4] ; n
     14	0000000C  8B 4D	00			 mov  ecx, [ebp]	 ; p
     15
     16	0000000F  83 F8	00			 cmp  eax, 0
     17	00000012  74 07	90 90 90 90		 je   m
     18	00000018  83 C3	04			 add  ebx, 4
     19
     20	0000001B				 m:
     21	0000001B  83 F9	00				 cmp  ecx, 0
     22	0000001E  74 09	90 90 90 90			 je   zero
     23	00000024  EB 0B	90 90 90			 jmp  one
     24
     25	00000029					 zero:
     26	00000029  0F B3	03					 btr  [ebx], eax
     27	0000002C  EB 06	90 90 90				 jmp  exit
     28
     29	00000031					 one:
     30	00000031  0F AB	03					 bts  [ebx], eax
     31
     32	00000034			 exit:
     33	00000034  5D				 pop  ebp
     34
     35	00000035  C2 000C			 ret  12
     36					 end
Turbo Assembler	 Version 5.3	    04-25-18 12:12:48	    Page 2
Symbol Table




Symbol Name			  Type	 Value

??DATE				  Text	 "04-25-18"
??FILENAME			  Text	 "setcler "
??TIME				  Text	 "12:12:48"
??VERSION			  Number 0503
@32BIT				  Text	 1
@CODE				  Text	 FLAT
@CODESIZE			  Text	 0
@CPU				  Text	 0F0FH
@CURSEG				  Text	 _TEXT
@DATA				  Text	 FLAT
@DATASIZE			  Text	 0
@FILENAME			  Text	 SETCLER
@INTERFACE			  Text	 004H
@MODEL				  Text	 1
@STACK				  Text	 FLAT
@WORDSIZE			  Text	 4
EXIT				  Near32 FLAT:0034
M				  Near32 FLAT:001B
ONE				  Near32 FLAT:0031
SETCLER				  Near32 FLAT:0000
ZERO				  Near32 FLAT:0029

Groups & Segments		  Bit Size Align  Combine Class

DGROUP				  Group
  _DATA				  32  0000 Dword  Public  DATA
FLAT				  Group
_TEXT				  32  0038 Dword  Public  CODE
